# JRE version: OpenJDK Runtime Environment (17.0.7) (build 17.0.7+0-b2043.56-10550314)
# Java VM: OpenJDK 64-Bit Server VM (17.0.7+0-b2043.56-10550314, mixed mode, tiered, compressed oops, compressed class ptrs, g1 gc, windows-amd64)
GC Precious Log:
 CPUs: 4 total, 4 available
 Memory: 8142M
 Large Page Support: Disabled
 NUMA Support: Disabled
 Compressed Oops: Enabled (32-bit)
 Heap Region Size: 1M
 Heap Min Capacity: 8M
 Heap Initial Capacity: 128M
 Heap Max Capacity: 2G
 Pre-touch: Disabled
 Parallel Workers: 4
 Concurrent Workers: 1
 Concurrent Refinement Workers: 4
 Periodic GC: Disabled
Heap:
 garbage-first heap   total 159744K, used 91543K [0x0000000080000000, 0x0000000100000000)
  region size 1024K, 3 young (3072K), 3 survivors (3072K)
 Metaspace       used 97273K, committed 97984K, reserved 1179648K
  class space    used 12963K, committed 13312K, reserved 1048576K
GC Heap History (20 events):
Event: 16.874 GC heap after
{Heap after GC invocations=36 (full 0):
 garbage-first heap   total 121856K, used 66803K [0x0000000080000000, 0x0000000100000000)
  region size 1024K, 4 young (4096K), 4 survivors (4096K)
 Metaspace       used 77702K, committed 78208K, reserved 1179648K
  class space    used 10514K, committed 10752K, reserved 1048576K
}
Event: 17.476 GC heap before
{Heap before GC invocations=37 (full 0):
 garbage-first heap   total 121856K, used 93427K [0x0000000080000000, 0x0000000100000000)
  region size 1024K, 32 young (32768K), 4 survivors (4096K)
 Metaspace       used 79380K, committed 79936K, reserved 1179648K
  class space    used 10722K, committed 10944K, reserved 1048576K
}
Event: 17.487 GC heap after
{Heap after GC invocations=38 (full 0):
 garbage-first heap   total 121856K, used 71400K [0x0000000080000000, 0x0000000100000000)
  region size 1024K, 5 young (5120K), 5 survivors (5120K)
 Metaspace       used 79380K, committed 79936K, reserved 1179648K
  class space    used 10722K, committed 10944K, reserved 1048576K
}
Event: 18.480 GC heap before
{Heap before GC invocations=39 (full 0):
 garbage-first heap   total 133120K, used 104168K [0x0000000080000000, 0x0000000100000000)
  region size 1024K, 33 young (33792K), 5 survivors (5120K)
 Metaspace       used 83564K, committed 84160K, reserved 1179648K
  class space    used 11311K, committed 11584K, reserved 1048576K
}
Event: 18.493 GC heap after
{Heap after GC invocations=40 (full 0):
 garbage-first heap   total 133120K, used 72022K [0x0000000080000000, 0x0000000100000000)
  region size 1024K, 1 young (1024K), 1 survivors (1024K)
 Metaspace       used 83564K, committed 84160K, reserved 1179648K
  class space    used 11311K, committed 11584K, reserved 1048576K
}
Event: 18.590 GC heap before
{Heap before GC invocations=40 (full 0):
 garbage-first heap   total 133120K, used 76118K [0x0000000080000000, 0x0000000100000000)
  region size 1024K, 6 young (6144K), 1 survivors (1024K)
 Metaspace       used 84159K, committed 84736K, reserved 1179648K
  class space    used 11351K, committed 11584K, reserved 1048576K
}
Event: 18.594 GC heap after
{Heap after GC invocations=41 (full 0):
 garbage-first heap   total 159744K, used 72059K [0x0000000080000000, 0x0000000100000000)
  region size 1024K, 1 young (1024K), 1 survivors (1024K)
 Metaspace       used 84159K, committed 84736K, reserved 1179648K
  class space    used 11351K, committed 11584K, reserved 1048576K
}
Event: 63.781 GC heap before
{Heap before GC invocations=41 (full 0):
 garbage-first heap   total 159744K, used 129403K [0x0000000080000000, 0x0000000100000000)
  region size 1024K, 57 young (58368K), 1 survivors (1024K)
 Metaspace       used 87227K, committed 87872K, reserved 1179648K
  class space    used 11570K, committed 11840K, reserved 1048576K
}
Event: 63.787 GC heap after
{Heap after GC invocations=42 (full 0):
 garbage-first heap   total 159744K, used 73625K [0x0000000080000000, 0x0000000100000000)
  region size 1024K, 2 young (2048K), 2 survivors (2048K)
 Metaspace       used 87227K, committed 87872K, reserved 1179648K
  class space    used 11570K, committed 11840K, reserved 1048576K
}
Event: 64.919 GC heap before
{Heap before GC invocations=43 (full 0):
 garbage-first heap   total 159744K, used 133017K [0x0000000080000000, 0x0000000100000000)
  region size 1024K, 60 young (61440K), 2 survivors (2048K)
 Metaspace       used 90672K, committed 91328K, reserved 1179648K
  class space    used 12068K, committed 12352K, reserved 1048576K
}
Event: 64.929 GC heap after
{Heap after GC invocations=44 (full 0):
 garbage-first heap   total 159744K, used 78098K [0x0000000080000000, 0x0000000100000000)
  region size 1024K, 7 young (7168K), 7 survivors (7168K)
 Metaspace       used 90672K, committed 91328K, reserved 1179648K
  class space    used 12068K, committed 12352K, reserved 1048576K
}
Event: 64.942 GC heap before
{Heap before GC invocations=44 (full 0):
 garbage-first heap   total 159744K, used 79122K [0x0000000080000000, 0x0000000100000000)
  region size 1024K, 8 young (8192K), 7 survivors (7168K)
 Metaspace       used 90756K, committed 91392K, reserved 1179648K
  class space    used 12085K, committed 12352K, reserved 1048576K
}
Event: 64.952 GC heap after
{Heap after GC invocations=45 (full 0):
 garbage-first heap   total 159744K, used 78003K [0x0000000080000000, 0x0000000100000000)
  region size 1024K, 1 young (1024K), 1 survivors (1024K)
 Metaspace       used 90756K, committed 91392K, reserved 1179648K
  class space    used 12085K, committed 12352K, reserved 1048576K
}
Event: 65.909 GC heap before
{Heap before GC invocations=45 (full 0):
 garbage-first heap   total 159744K, used 132275K [0x0000000080000000, 0x0000000100000000)
  region size 1024K, 54 young (55296K), 1 survivors (1024K)
 Metaspace       used 94510K, committed 95232K, reserved 1179648K
  class space    used 12592K, committed 12928K, reserved 1048576K
}
Event: 65.921 GC heap after
{Heap after GC invocations=46 (full 0):
 garbage-first heap   total 159744K, used 82360K [0x0000000080000000, 0x0000000100000000)
  region size 1024K, 5 young (5120K), 5 survivors (5120K)
 Metaspace       used 94510K, committed 95232K, reserved 1179648K
  class space    used 12592K, committed 12928K, reserved 1048576K
}
Event: 67.009 GC heap before
{Heap before GC invocations=47 (full 0):
 garbage-first heap   total 159744K, used 130488K [0x0000000080000000, 0x0000000100000000)
  region size 1024K, 53 young (54272K), 5 survivors (5120K)
 Metaspace       used 95782K, committed 96512K, reserved 1179648K
  class space    used 12793K, committed 13120K, reserved 1048576K
}
Event: 67.028 GC heap after
{Heap after GC invocations=48 (full 0):
 garbage-first heap   total 159744K, used 89337K [0x0000000080000000, 0x0000000100000000)
  region size 1024K, 7 young (7168K), 7 survivors (7168K)
 Metaspace       used 95782K, committed 96512K, reserved 1179648K
  class space    used 12793K, committed 13120K, reserved 1048576K
}
Event: 67.046 GC heap before
{Heap before GC invocations=48 (full 0):
 garbage-first heap   total 159744K, used 90361K [0x0000000080000000, 0x0000000100000000)
  region size 1024K, 8 young (8192K), 7 survivors (7168K)
 Metaspace       used 95783K, committed 96512K, reserved 1179648K
  class space    used 12793K, committed 13120K, reserved 1048576K
}
Event: 67.059 GC heap after
{Heap after GC invocations=49 (full 0):
 garbage-first heap   total 159744K, used 89588K [0x0000000080000000, 0x0000000100000000)
  region size 1024K, 1 young (1024K), 1 survivors (1024K)
 Metaspace       used 95783K, committed 96512K, reserved 1179648K
  class space    used 12793K, committed 13120K, reserved 1048576K
}
Event: 68.013 GC heap before
{Heap before GC invocations=49 (full 0):
 garbage-first heap   total 159744K, used 129524K [0x0000000080000000, 0x0000000100000000)
  region size 1024K, 41 young (41984K), 1 survivors (1024K)
 Metaspace       used 97273K, committed 97984K, reserved 1179648K
  class space    used 12963K, committed 13312K, reserved 1048576K
}

