# JRE version: OpenJDK Runtime Environment (17.0.7) (build 17.0.7+0-b2043.56-10550314)
# Java VM: OpenJDK 64-Bit Server VM (17.0.7+0-b2043.56-10550314, mixed mode, tiered, compressed oops, compressed class ptrs, g1 gc, windows-amd64)
GC Precious Log:
 CPUs: 4 total, 4 available
 Memory: 8142M
 Large Page Support: Disabled
 NUMA Support: Disabled
 Compressed Oops: Enabled (32-bit)
 Heap Region Size: 1M
 Heap Min Capacity: 8M
 Heap Initial Capacity: 128M
 Heap Max Capacity: 2G
 Pre-touch: Disabled
 Parallel Workers: 4
 Concurrent Workers: 1
 Concurrent Refinement Workers: 4
 Periodic GC: Disabled
Heap:
 garbage-first heap   total 367616K, used 314781K [0x0000000080000000, 0x0000000100000000)
  region size 1024K, 128 young (131072K), 5 survivors (5120K)
 Metaspace       used 117001K, committed 117760K, reserved 1179648K
  class space    used 15834K, committed 16192K, reserved 1048576K
GC Heap History (20 events):
Event: 70.459 GC heap before
{Heap before GC invocations=80 (full 0):
 garbage-first heap   total 367616K, used 318622K [0x0000000080000000, 0x0000000100000000)
  region size 1024K, 154 young (157696K), 9 survivors (9216K)
 Metaspace       used 116792K, committed 117504K, reserved 1179648K
  class space    used 15824K, committed 16128K, reserved 1048576K
}
Event: 70.470 GC heap after
{Heap after GC invocations=81 (full 0):
 garbage-first heap   total 367616K, used 170565K [0x0000000080000000, 0x0000000100000000)
  region size 1024K, 10 young (10240K), 10 survivors (10240K)
 Metaspace       used 116792K, committed 117504K, reserved 1179648K
  class space    used 15824K, committed 16128K, reserved 1048576K
}
Event: 71.441 GC heap before
{Heap before GC invocations=81 (full 0):
 garbage-first heap   total 367616K, used 318021K [0x0000000080000000, 0x0000000100000000)
  region size 1024K, 154 young (157696K), 10 survivors (10240K)
 Metaspace       used 116798K, committed 117504K, reserved 1179648K
  class space    used 15824K, committed 16128K, reserved 1048576K
}
Event: 71.467 GC heap after
{Heap after GC invocations=82 (full 0):
 garbage-first heap   total 367616K, used 180230K [0x0000000080000000, 0x0000000100000000)
  region size 1024K, 19 young (19456K), 19 survivors (19456K)
 Metaspace       used 116798K, committed 117504K, reserved 1179648K
  class space    used 15824K, committed 16128K, reserved 1048576K
}
Event: 72.171 GC heap before
{Heap before GC invocations=82 (full 0):
 garbage-first heap   total 367616K, used 310278K [0x0000000080000000, 0x0000000100000000)
  region size 1024K, 146 young (149504K), 19 survivors (19456K)
 Metaspace       used 116811K, committed 117504K, reserved 1179648K
  class space    used 15826K, committed 16128K, reserved 1048576K
}
Event: 72.199 GC heap after
{Heap after GC invocations=83 (full 0):
 garbage-first heap   total 367616K, used 185918K [0x0000000080000000, 0x0000000100000000)
  region size 1024K, 7 young (7168K), 7 survivors (7168K)
 Metaspace       used 116811K, committed 117504K, reserved 1179648K
  class space    used 15826K, committed 16128K, reserved 1048576K
}
Event: 72.958 GC heap before
{Heap before GC invocations=83 (full 0):
 garbage-first heap   total 367616K, used 312894K [0x0000000080000000, 0x0000000100000000)
  region size 1024K, 131 young (134144K), 7 survivors (7168K)
 Metaspace       used 116813K, committed 117504K, reserved 1179648K
  class space    used 15826K, committed 16128K, reserved 1048576K
}
Event: 72.970 GC heap after
{Heap after GC invocations=84 (full 0):
 garbage-first heap   total 367616K, used 186785K [0x0000000080000000, 0x0000000100000000)
  region size 1024K, 8 young (8192K), 8 survivors (8192K)
 Metaspace       used 116813K, committed 117504K, reserved 1179648K
  class space    used 15826K, committed 16128K, reserved 1048576K
}
Event: 73.652 GC heap before
{Heap before GC invocations=84 (full 0):
 garbage-first heap   total 367616K, used 315809K [0x0000000080000000, 0x0000000100000000)
  region size 1024K, 134 young (137216K), 8 survivors (8192K)
 Metaspace       used 116818K, committed 117504K, reserved 1179648K
  class space    used 15826K, committed 16128K, reserved 1048576K
}
Event: 73.665 GC heap after
{Heap after GC invocations=85 (full 0):
 garbage-first heap   total 367616K, used 186656K [0x0000000080000000, 0x0000000100000000)
  region size 1024K, 8 young (8192K), 8 survivors (8192K)
 Metaspace       used 116818K, committed 117504K, reserved 1179648K
  class space    used 15826K, committed 16128K, reserved 1048576K
}
Event: 74.248 GC heap before
{Heap before GC invocations=85 (full 0):
 garbage-first heap   total 367616K, used 317728K [0x0000000080000000, 0x0000000100000000)
  region size 1024K, 136 young (139264K), 8 survivors (8192K)
 Metaspace       used 116819K, committed 117504K, reserved 1179648K
  class space    used 15826K, committed 16128K, reserved 1048576K
}
Event: 74.260 GC heap after
{Heap after GC invocations=86 (full 0):
 garbage-first heap   total 367616K, used 187309K [0x0000000080000000, 0x0000000100000000)
  region size 1024K, 9 young (9216K), 9 survivors (9216K)
 Metaspace       used 116819K, committed 117504K, reserved 1179648K
  class space    used 15826K, committed 16128K, reserved 1048576K
}
Event: 74.936 GC heap before
{Heap before GC invocations=86 (full 0):
 garbage-first heap   total 367616K, used 319405K [0x0000000080000000, 0x0000000100000000)
  region size 1024K, 138 young (141312K), 9 survivors (9216K)
 Metaspace       used 116825K, committed 117504K, reserved 1179648K
  class space    used 15826K, committed 16128K, reserved 1048576K
}
Event: 74.951 GC heap after
{Heap after GC invocations=87 (full 0):
 garbage-first heap   total 367616K, used 188356K [0x0000000080000000, 0x0000000100000000)
  region size 1024K, 10 young (10240K), 10 survivors (10240K)
 Metaspace       used 116825K, committed 117504K, reserved 1179648K
  class space    used 15826K, committed 16128K, reserved 1048576K
}
Event: 75.916 GC heap before
{Heap before GC invocations=87 (full 0):
 garbage-first heap   total 367616K, used 320452K [0x0000000080000000, 0x0000000100000000)
  region size 1024K, 138 young (141312K), 10 survivors (10240K)
 Metaspace       used 116935K, committed 117696K, reserved 1179648K
  class space    used 15833K, committed 16192K, reserved 1048576K
}
Event: 75.939 GC heap after
{Heap after GC invocations=88 (full 0):
 garbage-first heap   total 367616K, used 190526K [0x0000000080000000, 0x0000000100000000)
  region size 1024K, 12 young (12288K), 12 survivors (12288K)
 Metaspace       used 116935K, committed 117696K, reserved 1179648K
  class space    used 15833K, committed 16192K, reserved 1048576K
}
Event: 77.005 GC heap before
{Heap before GC invocations=88 (full 0):
 garbage-first heap   total 367616K, used 319550K [0x0000000080000000, 0x0000000100000000)
  region size 1024K, 136 young (139264K), 12 survivors (12288K)
 Metaspace       used 116992K, committed 117760K, reserved 1179648K
  class space    used 15833K, committed 16192K, reserved 1048576K
}
Event: 77.026 GC heap after
{Heap after GC invocations=89 (full 0):
 garbage-first heap   total 367616K, used 189846K [0x0000000080000000, 0x0000000100000000)
  region size 1024K, 5 young (5120K), 5 survivors (5120K)
 Metaspace       used 116992K, committed 117760K, reserved 1179648K
  class space    used 15833K, committed 16192K, reserved 1048576K
}
Event: 79.149 GC heap before
{Heap before GC invocations=89 (full 0):
 garbage-first heap   total 367616K, used 321942K [0x0000000080000000, 0x0000000100000000)
  region size 1024K, 134 young (137216K), 5 survivors (5120K)
 Metaspace       used 116998K, committed 117760K, reserved 1179648K
  class space    used 15833K, committed 16192K, reserved 1048576K
}
Event: 79.160 GC heap after
{Heap after GC invocations=90 (full 0):
 garbage-first heap   total 367616K, used 189853K [0x0000000080000000, 0x0000000100000000)
  region size 1024K, 5 young (5120K), 5 survivors (5120K)
 Metaspace       used 116998K, committed 117760K, reserved 1179648K
  class space    used 15833K, committed 16192K, reserved 1048576K
}

