# JRE version: OpenJDK Runtime Environment (17.0.7) (build 17.0.7+0-b2043.56-10550314)
# Java VM: OpenJDK 64-Bit Server VM (17.0.7+0-b2043.56-10550314, mixed mode, tiered, compressed oops, compressed class ptrs, g1 gc, windows-amd64)
GC Precious Log:
 CPUs: 4 total, 4 available
 Memory: 8142M
 Large Page Support: Disabled
 NUMA Support: Disabled
 Compressed Oops: Enabled (32-bit)
 Heap Region Size: 1M
 Heap Min Capacity: 8M
 Heap Initial Capacity: 128M
 Heap Max Capacity: 2G
 Pre-touch: Disabled
 Parallel Workers: 4
 Concurrent Workers: 1
 Concurrent Refinement Workers: 4
 Periodic GC: Disabled
Heap:
 garbage-first heap   total 268288K, used 156686K [0x0000000080000000, 0x0000000100000000)
  region size 1024K, 9 young (9216K), 1 survivors (1024K)
 Metaspace       used 116113K, committed 116928K, reserved 1179648K
  class space    used 15120K, committed 15552K, reserved 1048576K
GC Heap History (20 events):
Event: 43.071 GC heap before
{Heap before GC invocations=45 (full 0):
 garbage-first heap   total 224256K, used 189741K [0x0000000080000000, 0x0000000100000000)
  region size 1024K, 49 young (50176K), 2 survivors (2048K)
 Metaspace       used 99909K, committed 100608K, reserved 1179648K
  class space    used 13208K, committed 13568K, reserved 1048576K
}
Event: 43.084 GC heap after
{Heap after GC invocations=46 (full 0):
 garbage-first heap   total 224256K, used 128853K [0x0000000080000000, 0x0000000100000000)
  region size 1024K, 7 young (7168K), 7 survivors (7168K)
 Metaspace       used 99909K, committed 100608K, reserved 1179648K
  class space    used 13208K, committed 13568K, reserved 1048576K
}
Event: 44.421 GC heap before
{Heap before GC invocations=46 (full 0):
 garbage-first heap   total 224256K, used 174933K [0x0000000080000000, 0x0000000100000000)
  region size 1024K, 53 young (54272K), 7 survivors (7168K)
 Metaspace       used 103292K, committed 104000K, reserved 1179648K
  class space    used 13490K, committed 13824K, reserved 1048576K
}
Event: 44.435 GC heap after
{Heap after GC invocations=47 (full 0):
 garbage-first heap   total 224256K, used 132932K [0x0000000080000000, 0x0000000100000000)
  region size 1024K, 5 young (5120K), 5 survivors (5120K)
 Metaspace       used 103292K, committed 104000K, reserved 1179648K
  class space    used 13490K, committed 13824K, reserved 1048576K
}
Event: 45.715 GC heap before
{Heap before GC invocations=47 (full 0):
 garbage-first heap   total 224256K, used 179012K [0x0000000080000000, 0x0000000100000000)
  region size 1024K, 50 young (51200K), 5 survivors (5120K)
 Metaspace       used 103912K, committed 104576K, reserved 1179648K
  class space    used 13539K, committed 13888K, reserved 1048576K
}
Event: 45.729 GC heap after
{Heap after GC invocations=48 (full 0):
 garbage-first heap   total 224256K, used 140491K [0x0000000080000000, 0x0000000100000000)
  region size 1024K, 7 young (7168K), 7 survivors (7168K)
 Metaspace       used 103912K, committed 104576K, reserved 1179648K
  class space    used 13539K, committed 13888K, reserved 1048576K
}
Event: 47.217 GC heap before
{Heap before GC invocations=48 (full 0):
 garbage-first heap   total 224256K, used 180427K [0x0000000080000000, 0x0000000100000000)
  region size 1024K, 47 young (48128K), 7 survivors (7168K)
 Metaspace       used 105634K, committed 106368K, reserved 1179648K
  class space    used 13749K, committed 14080K, reserved 1048576K
}
Event: 47.228 GC heap after
{Heap after GC invocations=49 (full 0):
 garbage-first heap   total 224256K, used 138479K [0x0000000080000000, 0x0000000100000000)
  region size 1024K, 3 young (3072K), 3 survivors (3072K)
 Metaspace       used 105634K, committed 106368K, reserved 1179648K
  class space    used 13749K, committed 14080K, reserved 1048576K
}
Event: 48.580 GC heap before
{Heap before GC invocations=49 (full 0):
 garbage-first heap   total 224256K, used 182511K [0x0000000080000000, 0x0000000100000000)
  region size 1024K, 47 young (48128K), 3 survivors (3072K)
 Metaspace       used 107578K, committed 108352K, reserved 1179648K
  class space    used 13997K, committed 14400K, reserved 1048576K
}
Event: 48.587 GC heap after
{Heap after GC invocations=50 (full 0):
 garbage-first heap   total 224256K, used 138542K [0x0000000080000000, 0x0000000100000000)
  region size 1024K, 3 young (3072K), 3 survivors (3072K)
 Metaspace       used 107578K, committed 108352K, reserved 1179648K
  class space    used 13997K, committed 14400K, reserved 1048576K
}
Event: 49.950 GC heap before
{Heap before GC invocations=50 (full 0):
 garbage-first heap   total 224256K, used 184622K [0x0000000080000000, 0x0000000100000000)
  region size 1024K, 49 young (50176K), 3 survivors (3072K)
 Metaspace       used 110994K, committed 111808K, reserved 1179648K
  class space    used 14429K, committed 14848K, reserved 1048576K
}
Event: 49.960 GC heap after
{Heap after GC invocations=51 (full 0):
 garbage-first heap   total 224256K, used 141002K [0x0000000080000000, 0x0000000100000000)
  region size 1024K, 6 young (6144K), 6 survivors (6144K)
 Metaspace       used 110994K, committed 111808K, reserved 1179648K
  class space    used 14429K, committed 14848K, reserved 1048576K
}
Event: 51.592 GC heap before
{Heap before GC invocations=51 (full 0):
 garbage-first heap   total 224256K, used 185034K [0x0000000080000000, 0x0000000100000000)
  region size 1024K, 50 young (51200K), 6 survivors (6144K)
 Metaspace       used 112317K, committed 113088K, reserved 1179648K
  class space    used 14589K, committed 14976K, reserved 1048576K
}
Event: 51.605 GC heap after
{Heap after GC invocations=52 (full 0):
 garbage-first heap   total 224256K, used 144401K [0x0000000080000000, 0x0000000100000000)
  region size 1024K, 7 young (7168K), 7 survivors (7168K)
 Metaspace       used 112317K, committed 113088K, reserved 1179648K
  class space    used 14589K, committed 14976K, reserved 1048576K
}
Event: 53.304 GC heap before
{Heap before GC invocations=52 (full 0):
 garbage-first heap   total 224256K, used 187409K [0x0000000080000000, 0x0000000100000000)
  region size 1024K, 50 young (51200K), 7 survivors (7168K)
 Metaspace       used 112723K, committed 113472K, reserved 1179648K
  class space    used 14634K, committed 15040K, reserved 1048576K
}
Event: 53.320 GC heap after
{Heap after GC invocations=53 (full 0):
 garbage-first heap   total 224256K, used 148016K [0x0000000080000000, 0x0000000100000000)
  region size 1024K, 7 young (7168K), 7 survivors (7168K)
 Metaspace       used 112723K, committed 113472K, reserved 1179648K
  class space    used 14634K, committed 15040K, reserved 1048576K
}
Event: 54.175 GC heap before
{Heap before GC invocations=53 (full 0):
 garbage-first heap   total 224256K, used 198192K [0x0000000080000000, 0x0000000100000000)
  region size 1024K, 47 young (48128K), 7 survivors (7168K)
 Metaspace       used 113537K, committed 114368K, reserved 1179648K
  class space    used 14743K, committed 15168K, reserved 1048576K
}
Event: 54.189 GC heap after
{Heap after GC invocations=54 (full 0):
 garbage-first heap   total 224256K, used 164832K [0x0000000080000000, 0x0000000100000000)
  region size 1024K, 6 young (6144K), 6 survivors (6144K)
 Metaspace       used 113537K, committed 114368K, reserved 1179648K
  class space    used 14743K, committed 15168K, reserved 1048576K
}
Event: 54.806 GC heap before
{Heap before GC invocations=54 (full 0):
 garbage-first heap   total 224256K, used 190432K [0x0000000080000000, 0x0000000100000000)
  region size 1024K, 31 young (31744K), 6 survivors (6144K)
 Metaspace       used 114914K, committed 115712K, reserved 1179648K
  class space    used 14956K, committed 15360K, reserved 1048576K
}
Event: 54.818 GC heap after
{Heap after GC invocations=55 (full 0):
 garbage-first heap   total 224256K, used 167194K [0x0000000080000000, 0x0000000100000000)
  region size 1024K, 3 young (3072K), 3 survivors (3072K)
 Metaspace       used 114914K, committed 115712K, reserved 1179648K
  class space    used 14956K, committed 15360K, reserved 1048576K
}

