# JRE version: OpenJDK Runtime Environment (17.0.7) (build 17.0.7+0-b2043.56-10550314)
# Java VM: OpenJDK 64-Bit Server VM (17.0.7+0-b2043.56-10550314, mixed mode, tiered, compressed oops, compressed class ptrs, g1 gc, windows-amd64)
GC Precious Log:
 CPUs: 4 total, 4 available
 Memory: 8142M
 Large Page Support: Disabled
 NUMA Support: Disabled
 Compressed Oops: Enabled (32-bit)
 Heap Region Size: 1M
 Heap Min Capacity: 8M
 Heap Initial Capacity: 128M
 Heap Max Capacity: 2G
 Pre-touch: Disabled
 Parallel Workers: 4
 Concurrent Workers: 1
 Concurrent Refinement Workers: 4
 Periodic GC: Disabled
Heap:
 garbage-first heap   total 140288K, used 98226K [0x0000000080000000, 0x0000000100000000)
  region size 1024K, 36 young (36864K), 3 survivors (3072K)
 Metaspace       used 74976K, committed 75520K, reserved 1114112K
  class space    used 10103K, committed 10368K, reserved 1048576K
GC Heap History (20 events):
Event: 10.053 GC heap before
{Heap before GC invocations=15 (full 0):
 garbage-first heap   total 104448K, used 84554K [0x0000000080000000, 0x0000000100000000)
  region size 1024K, 49 young (50176K), 4 survivors (4096K)
 Metaspace       used 53223K, committed 53696K, reserved 1114112K
  class space    used 7059K, committed 7232K, reserved 1048576K
}
Event: 10.065 GC heap after
{Heap after GC invocations=16 (full 0):
 garbage-first heap   total 104448K, used 48449K [0x0000000080000000, 0x0000000100000000)
  region size 1024K, 7 young (7168K), 7 survivors (7168K)
 Metaspace       used 53223K, committed 53696K, reserved 1114112K
  class space    used 7059K, committed 7232K, reserved 1048576K
}
Event: 11.049 GC heap before
{Heap before GC invocations=16 (full 0):
 garbage-first heap   total 104448K, used 79169K [0x0000000080000000, 0x0000000100000000)
  region size 1024K, 36 young (36864K), 7 survivors (7168K)
 Metaspace       used 55795K, committed 56256K, reserved 1114112K
  class space    used 7427K, committed 7616K, reserved 1048576K
}
Event: 11.055 GC heap after
{Heap after GC invocations=17 (full 0):
 garbage-first heap   total 104448K, used 51634K [0x0000000080000000, 0x0000000100000000)
  region size 1024K, 2 young (2048K), 2 survivors (2048K)
 Metaspace       used 55795K, committed 56256K, reserved 1114112K
  class space    used 7427K, committed 7616K, reserved 1048576K
}
Event: 11.434 GC heap before
{Heap before GC invocations=17 (full 0):
 garbage-first heap   total 104448K, used 81330K [0x0000000080000000, 0x0000000100000000)
  region size 1024K, 31 young (31744K), 2 survivors (2048K)
 Metaspace       used 59261K, committed 59712K, reserved 1114112K
  class space    used 7841K, committed 8064K, reserved 1048576K
}
Event: 11.439 GC heap after
{Heap after GC invocations=18 (full 0):
 garbage-first heap   total 104448K, used 51872K [0x0000000080000000, 0x0000000100000000)
  region size 1024K, 2 young (2048K), 2 survivors (2048K)
 Metaspace       used 59261K, committed 59712K, reserved 1114112K
  class space    used 7841K, committed 8064K, reserved 1048576K
}
Event: 12.500 GC heap before
{Heap before GC invocations=19 (full 0):
 garbage-first heap   total 104448K, used 82592K [0x0000000080000000, 0x0000000100000000)
  region size 1024K, 32 young (32768K), 2 survivors (2048K)
 Metaspace       used 62447K, committed 62912K, reserved 1114112K
  class space    used 8267K, committed 8448K, reserved 1048576K
}
Event: 12.505 GC heap after
{Heap after GC invocations=20 (full 0):
 garbage-first heap   total 104448K, used 53261K [0x0000000080000000, 0x0000000100000000)
  region size 1024K, 4 young (4096K), 4 survivors (4096K)
 Metaspace       used 62447K, committed 62912K, reserved 1114112K
  class space    used 8267K, committed 8448K, reserved 1048576K
}
Event: 13.664 GC heap before
{Heap before GC invocations=20 (full 0):
 garbage-first heap   total 104448K, used 67597K [0x0000000080000000, 0x0000000100000000)
  region size 1024K, 20 young (20480K), 4 survivors (4096K)
 Metaspace       used 65677K, committed 66240K, reserved 1114112K
  class space    used 8670K, committed 8896K, reserved 1048576K
}
Event: 13.670 GC heap after
{Heap after GC invocations=21 (full 0):
 garbage-first heap   total 104448K, used 54920K [0x0000000080000000, 0x0000000100000000)
  region size 1024K, 4 young (4096K), 4 survivors (4096K)
 Metaspace       used 65677K, committed 66240K, reserved 1114112K
  class space    used 8670K, committed 8896K, reserved 1048576K
}
Event: 14.527 GC heap before
{Heap before GC invocations=22 (full 0):
 garbage-first heap   total 114688K, used 89736K [0x0000000080000000, 0x0000000100000000)
  region size 1024K, 32 young (32768K), 4 survivors (4096K)
 Metaspace       used 67065K, committed 67584K, reserved 1114112K
  class space    used 8853K, committed 9088K, reserved 1048576K
}
Event: 14.536 GC heap after
{Heap after GC invocations=23 (full 0):
 garbage-first heap   total 114688K, used 57979K [0x0000000080000000, 0x0000000100000000)
  region size 1024K, 4 young (4096K), 4 survivors (4096K)
 Metaspace       used 67065K, committed 67584K, reserved 1114112K
  class space    used 8853K, committed 9088K, reserved 1048576K
}
Event: 16.054 GC heap before
{Heap before GC invocations=23 (full 0):
 garbage-first heap   total 114688K, used 89723K [0x0000000080000000, 0x0000000100000000)
  region size 1024K, 35 young (35840K), 4 survivors (4096K)
 Metaspace       used 69527K, committed 70144K, reserved 1114112K
  class space    used 9162K, committed 9472K, reserved 1048576K
}
Event: 16.062 GC heap after
{Heap after GC invocations=24 (full 0):
 garbage-first heap   total 114688K, used 60144K [0x0000000080000000, 0x0000000100000000)
  region size 1024K, 5 young (5120K), 5 survivors (5120K)
 Metaspace       used 69527K, committed 70144K, reserved 1114112K
  class space    used 9162K, committed 9472K, reserved 1048576K
}
Event: 17.680 GC heap before
{Heap before GC invocations=25 (full 0):
 garbage-first heap   total 114688K, used 90864K [0x0000000080000000, 0x0000000100000000)
  region size 1024K, 35 young (35840K), 5 survivors (5120K)
 Metaspace       used 69949K, committed 70528K, reserved 1114112K
  class space    used 9250K, committed 9536K, reserved 1048576K
}
Event: 17.689 GC heap after
{Heap after GC invocations=26 (full 0):
 garbage-first heap   total 114688K, used 62320K [0x0000000080000000, 0x0000000100000000)
  region size 1024K, 5 young (5120K), 5 survivors (5120K)
 Metaspace       used 69949K, committed 70528K, reserved 1114112K
  class space    used 9250K, committed 9536K, reserved 1048576K
}
Event: 18.420 GC heap before
{Heap before GC invocations=26 (full 0):
 garbage-first heap   total 114688K, used 92016K [0x0000000080000000, 0x0000000100000000)
  region size 1024K, 34 young (34816K), 5 survivors (5120K)
 Metaspace       used 71856K, committed 72448K, reserved 1114112K
  class space    used 9512K, committed 9792K, reserved 1048576K
}
Event: 18.431 GC heap after
{Heap after GC invocations=27 (full 0):
 garbage-first heap   total 114688K, used 63950K [0x0000000080000000, 0x0000000100000000)
  region size 1024K, 5 young (5120K), 5 survivors (5120K)
 Metaspace       used 71856K, committed 72448K, reserved 1114112K
  class space    used 9512K, committed 9792K, reserved 1048576K
}
Event: 18.626 GC heap before
{Heap before GC invocations=28 (full 0):
 garbage-first heap   total 116736K, used 70094K [0x0000000080000000, 0x0000000100000000)
  region size 1024K, 12 young (12288K), 5 survivors (5120K)
 Metaspace       used 72359K, committed 72896K, reserved 1114112K
  class space    used 9576K, committed 9856K, reserved 1048576K
}
Event: 18.633 GC heap after
{Heap after GC invocations=29 (full 0):
 garbage-first heap   total 140288K, used 64434K [0x0000000080000000, 0x0000000100000000)
  region size 1024K, 3 young (3072K), 3 survivors (3072K)
 Metaspace       used 72359K, committed 72896K, reserved 1114112K
  class space    used 9576K, committed 9856K, reserved 1048576K
}

